<?xml version="1.0" encoding="UTF-8"?>
<!-- Generated by org.testng.reporters.JUnitReportReporter -->
<testsuite hostname="Aanoss-MacBook-Air.local" failures="0" tests="1" name="com.chroma.AppTest" time="0.002" errors="0" timestamp="2023-03-16T14:05:43 CDT" skipped="0">
  <testcase classname="com.chroma.AppTest" name="shouldAnswerWithTrue" time="0.002"/>
  <system-out/>
</testsuite> <!-- com.chroma.AppTest -->
